d:\study\forcpp\informatics\yaziki_i_metodi\git_labs\calc\x64\debug\vc143.pdb
d:\study\forcpp\informatics\yaziki_i_metodi\git_labs\calc\x64\debug\.netframework,version=v4.7.2.assemblyattributes.obj
d:\study\forcpp\informatics\yaziki_i_metodi\git_labs\calc\x64\debug\calculator.obj
d:\study\forcpp\informatics\yaziki_i_metodi\git_labs\calc\x64\debug\myform.obj
d:\study\forcpp\informatics\yaziki_i_metodi\git_labs\calc\x64\debug\calc.exe
d:\study\forcpp\informatics\yaziki_i_metodi\git_labs\calc\x64\debug\calc.vcxproj.assemblyreference.cache
d:\study\forcpp\informatics\yaziki_i_metodi\git_labs\calc\x64\debug\calc.vcxproj.generateresource.cache
d:\study\forcpp\informatics\yaziki_i_metodi\git_labs\calc\x64\debug\calc.vcxproj.suggestedbindingredirects.cache
d:\study\forcpp\informatics\yaziki_i_metodi\git_labs\calc\x64\debug\calc.myform.resources
d:\study\forcpp\informatics\yaziki_i_metodi\git_labs\calc\x64\debug\calc.pdb
d:\study\forcpp\informatics\yaziki_i_metodi\git_labs\calc\x64\debug\calc.tlog\cl.command.1.tlog
d:\study\forcpp\informatics\yaziki_i_metodi\git_labs\calc\x64\debug\calc.tlog\cl.read.1.tlog
d:\study\forcpp\informatics\yaziki_i_metodi\git_labs\calc\x64\debug\calc.tlog\cl.write.1.tlog
d:\study\forcpp\informatics\yaziki_i_metodi\git_labs\calc\x64\debug\calc.tlog\link.16136-cvtres.read.1.tlog
d:\study\forcpp\informatics\yaziki_i_metodi\git_labs\calc\x64\debug\calc.tlog\link.16136-cvtres.write.1.tlog
d:\study\forcpp\informatics\yaziki_i_metodi\git_labs\calc\x64\debug\calc.tlog\link.16136-rc.read.1.tlog
d:\study\forcpp\informatics\yaziki_i_metodi\git_labs\calc\x64\debug\calc.tlog\link.16136-rc.write.1.tlog
d:\study\forcpp\informatics\yaziki_i_metodi\git_labs\calc\x64\debug\calc.tlog\link.16136.read.1.tlog
d:\study\forcpp\informatics\yaziki_i_metodi\git_labs\calc\x64\debug\calc.tlog\link.16136.read.3.tlog
d:\study\forcpp\informatics\yaziki_i_metodi\git_labs\calc\x64\debug\calc.tlog\link.16136.write.1.tlog
d:\study\forcpp\informatics\yaziki_i_metodi\git_labs\calc\x64\debug\calc.tlog\link.19764-cvtres.read.1.tlog
d:\study\forcpp\informatics\yaziki_i_metodi\git_labs\calc\x64\debug\calc.tlog\link.19764-cvtres.write.1.tlog
d:\study\forcpp\informatics\yaziki_i_metodi\git_labs\calc\x64\debug\calc.tlog\link.19764-rc.read.1.tlog
d:\study\forcpp\informatics\yaziki_i_metodi\git_labs\calc\x64\debug\calc.tlog\link.19764-rc.write.1.tlog
d:\study\forcpp\informatics\yaziki_i_metodi\git_labs\calc\x64\debug\calc.tlog\link.19764.read.1.tlog
d:\study\forcpp\informatics\yaziki_i_metodi\git_labs\calc\x64\debug\calc.tlog\link.19764.read.2.tlog
d:\study\forcpp\informatics\yaziki_i_metodi\git_labs\calc\x64\debug\calc.tlog\link.19764.write.1.tlog
d:\study\forcpp\informatics\yaziki_i_metodi\git_labs\calc\x64\debug\calc.tlog\link.command.1.tlog
d:\study\forcpp\informatics\yaziki_i_metodi\git_labs\calc\x64\debug\calc.tlog\link.read.1.tlog
d:\study\forcpp\informatics\yaziki_i_metodi\git_labs\calc\x64\debug\calc.tlog\link.read.2.tlog
d:\study\forcpp\informatics\yaziki_i_metodi\git_labs\calc\x64\debug\calc.tlog\link.read.3.tlog
d:\study\forcpp\informatics\yaziki_i_metodi\git_labs\calc\x64\debug\calc.tlog\link.write.1.tlog
d:\study\forcpp\informatics\yaziki_i_metodi\git_labs\calc\x64\debug\calc.tlog\metagen.read.1.tlog
d:\study\forcpp\informatics\yaziki_i_metodi\git_labs\calc\x64\debug\calc.tlog\metagen.write.1.tlog
d:\study\forcpp\informatics\yaziki_i_metodi\git_labs\calc\x64\debug\calc.tlog\resgen.command.1.tlog
d:\study\forcpp\informatics\yaziki_i_metodi\git_labs\calc\x64\debug\calc.tlog\resgen.read.1.tlog
d:\study\forcpp\informatics\yaziki_i_metodi\git_labs\calc\x64\debug\calc.tlog\resgen.write.1.tlog
